This file contains any messages produced by compilers while
running configure, to aid debugging if configure makes a mistake.

It was created by texExpToPng configure 0.1, which was
generated by GNU Autoconf 2.72.  Invocation command line was

  $ /mvp/book/docs/_static/tex_exp_to_png/configure --prefix=/mvp/book/docs/_static/bldInstall

## --------- ##
## Platform. ##
## --------- ##

hostname = 575db149ffa5
uname -m = x86_64
uname -r = 6.6.87.2-microsoft-standard-WSL2
uname -s = Linux
uname -v = #1 SMP PREEMPT_DYNAMIC Thu Jun  5 18:30:46 UTC 2025

/usr/bin/uname -p = unknown
/bin/uname -X     = unknown

/bin/arch              = x86_64
/usr/bin/arch -k       = unknown
/usr/convex/getsysinfo = unknown
/usr/bin/hostinfo      = unknown
/bin/machine           = unknown
/usr/bin/oslevel       = unknown
/bin/universe          = unknown

PATH: /usr/local/bin/
PATH: /usr/bin/


## ----------- ##
## Core tests. ##
## ----------- ##

configure:2110: looking for aux files: compile missing install-sh
configure:2123:  trying /mvp/book/docs/_static/tex_exp_to_png/
configure:2152:   /mvp/book/docs/_static/tex_exp_to_png/compile found
configure:2152:   /mvp/book/docs/_static/tex_exp_to_png/missing found
configure:2134:   /mvp/book/docs/_static/tex_exp_to_png/install-sh found
configure:2282: checking for a BSD-compatible install
configure:2356: result: /usr/bin/install -c
configure:2367: checking whether sleep supports fractional seconds
configure:2383: result: yes
configure:2386: checking filesystem timestamp resolution
configure:2521: result: 0.01
configure:2526: checking whether build environment is sane
configure:2571: result: yes
configure:2742: checking for a race-free mkdir -p
configure:2785: result: /usr/bin/mkdir -p
configure:2792: checking for gawk
configure:2813: found /usr/bin/gawk
configure:2825: result: gawk
configure:2836: checking whether make sets $(MAKE)
configure:2860: result: yes
configure:2886: checking whether make supports nested variables
configure:2905: result: yes
configure:2919: checking xargs -n works
configure:2935: result: yes
configure:3020: checking whether UID '0' is supported by ustar format
configure:3026: result: yes
configure:3033: checking whether GID '0' is supported by ustar format
configure:3039: result: yes
configure:3047: checking how to create a ustar tar archive
configure:3058: tar --version
tar (GNU tar) 1.35
Copyright (C) 2023 Free Software Foundation, Inc.
License GPLv3+: GNU GPL version 3 or later <https://gnu.org/licenses/gpl.html>.
This is free software: you are free to change and redistribute it.
There is NO WARRANTY, to the extent permitted by law.

Written by John Gilmore and Jay Fenlason.
configure:3061: $? = 0
configure:3101: tardir=conftest.dir && eval tar --format=ustar -chf - "$tardir" >conftest.tar
configure:3104: $? = 0
configure:3108: tar -xf - <conftest.tar
configure:3111: $? = 0
configure:3113: cat conftest.dir/file
GrepMe
configure:3116: $? = 0
configure:3131: result: gnutar
configure:3220: checking for gcc
configure:3241: found /usr/bin/gcc
configure:3253: result: gcc
configure:3612: checking for C compiler version
configure:3621: gcc --version >&5
gcc (GCC) 15.2.1 20251022 (Red Hat 15.2.1-3)
Copyright (C) 2025 Free Software Foundation, Inc.
This is free software; see the source for copying conditions.  There is NO
warranty; not even for MERCHANTABILITY or FITNESS FOR A PARTICULAR PURPOSE.

configure:3632: $? = 0
configure:3621: gcc -v >&5
Using built-in specs.
COLLECT_GCC=gcc
COLLECT_LTO_WRAPPER=/usr/libexec/gcc/x86_64-redhat-linux/15/lto-wrapper
OFFLOAD_TARGET_NAMES=nvptx-none:amdgcn-amdhsa
OFFLOAD_TARGET_DEFAULT=1
Target: x86_64-redhat-linux
Configured with: ../configure --enable-bootstrap --enable-languages=c,c++,fortran,objc,obj-c++,ada,go,d,m2,cobol,lto --prefix=/usr --mandir=/usr/share/man --infodir=/usr/share/info --with-bugurl=http://bugzilla.redhat.com/bugzilla --enable-shared --enable-threads=posix --enable-checking=release --enable-multilib --with-system-zlib --enable-__cxa_atexit --disable-libunwind-exceptions --enable-gnu-unique-object --enable-linker-build-id --with-gcc-major-version-only --enable-libstdcxx-backtrace --with-libstdcxx-zoneinfo=/usr/share/zoneinfo --with-linker-hash-style=gnu --enable-plugin --enable-initfini-array --with-isl=/builddir/build/BUILD/gcc-15.2.1-build/gcc-15.2.1-20251022/obj-x86_64-redhat-linux/isl-install --enable-offload-targets=nvptx-none,amdgcn-amdhsa --enable-offload-defaulted --without-cuda-driver --enable-gnu-indirect-function --enable-cet --with-tune=generic --with-arch_32=i686 --build=x86_64-redhat-linux --with-build-config=bootstrap-lto --enable-link-serialization=1
Thread model: posix
Supported LTO compression algorithms: zlib zstd
gcc version 15.2.1 20251022 (Red Hat 15.2.1-3) (GCC) 
... rest of stderr output deleted ...
configure:3632: $? = 0
configure:3621: gcc -V >&5
gcc: error: unrecognized command-line option '-V'
gcc: fatal error: no input files
compilation terminated.
configure:3632: $? = 1
configure:3621: gcc -qversion >&5
gcc: error: unrecognized command-line option '-qversion'; did you mean '--version'?
gcc: fatal error: no input files
compilation terminated.
configure:3632: $? = 1
configure:3621: gcc -version >&5
gcc: error: unrecognized command-line option '-version'
gcc: fatal error: no input files
compilation terminated.
configure:3632: $? = 1
configure:3652: checking whether the C compiler works
configure:3674: gcc    conftest.c  >&5
configure:3678: $? = 0
configure:3729: result: yes
configure:3733: checking for C compiler default output file name
configure:3735: result: a.out
configure:3741: checking for suffix of executables
configure:3748: gcc -o conftest    conftest.c  >&5
configure:3752: $? = 0
configure:3776: result: 
configure:3800: checking whether we are cross compiling
configure:3808: gcc -o conftest    conftest.c  >&5
configure:3812: $? = 0
configure:3819: ./conftest
configure:3823: $? = 0
configure:3838: result: no
configure:3844: checking for suffix of object files
configure:3867: gcc -c   conftest.c >&5
configure:3871: $? = 0
configure:3895: result: o
configure:3899: checking whether the compiler supports GNU C
configure:3919: gcc -c   conftest.c >&5
configure:3919: $? = 0
configure:3931: result: yes
configure:3942: checking whether gcc accepts -g
configure:3963: gcc -c -g  conftest.c >&5
configure:3963: $? = 0
configure:4010: result: yes
configure:4030: checking for gcc option to enable C11 features
configure:4045: gcc  -c -g -O2  conftest.c >&5
configure:4045: $? = 0
configure:4064: result: none needed
configure:4188: checking whether gcc understands -c and -o together
configure:4211: gcc -c conftest.c -o conftest2.o
configure:4214: $? = 0
configure:4211: gcc -c conftest.c -o conftest2.o
configure:4214: $? = 0
configure:4230: result: yes
configure:4250: checking whether make supports the include directive
configure:4265: make -f confmf.GNU && cat confinc.out
make[2]: Entering directory '/mvp/book/docs/_static/bld'
make[2]: Leaving directory '/mvp/book/docs/_static/bld'
this is the am__doit target
configure:4268: $? = 0
configure:4287: result: yes (GNU style)
configure:4313: checking dependency style of gcc
configure:4426: result: gcc3
configure:4586: checking that generated files are newer than configure
configure:4592: result: done
configure:4627: creating ./config.status

## ---------------------- ##
## Running config.status. ##
## ---------------------- ##

This file was extended by texExpToPng config.status 0.1, which was
generated by GNU Autoconf 2.72.  Invocation command line was

  CONFIG_FILES    = 
  CONFIG_HEADERS  = 
  CONFIG_LINKS    = 
  CONFIG_COMMANDS = 
  $ ./config.status 

on 575db149ffa5

config.status:775: creating Makefile
config.status:775: creating src/Makefile
config.status:932: executing depfiles commands
config.status:1007: cd src       && sed -e '/# am--include-marker/d' Makefile         | make -f - am--depfiles
make[2]: Entering directory '/mvp/book/docs/_static/bld/src'
make[2]: Leaving directory '/mvp/book/docs/_static/bld/src'
config.status:1014: $? = 0

## ---------------- ##
## Cache variables. ##
## ---------------- ##

ac_cv_c_compiler_gnu=yes
ac_cv_env_CC_set=
ac_cv_env_CC_value=
ac_cv_env_CFLAGS_set=
ac_cv_env_CFLAGS_value=
ac_cv_env_CPPFLAGS_set=
ac_cv_env_CPPFLAGS_value=
ac_cv_env_LDFLAGS_set=
ac_cv_env_LDFLAGS_value=
ac_cv_env_LIBS_set=
ac_cv_env_LIBS_value=
ac_cv_env_build_alias_set=
ac_cv_env_build_alias_value=
ac_cv_env_host_alias_set=
ac_cv_env_host_alias_value=
ac_cv_env_target_alias_set=
ac_cv_env_target_alias_value=
ac_cv_objext=o
ac_cv_path_install='/usr/bin/install -c'
ac_cv_path_mkdir=/usr/bin/mkdir
ac_cv_prog_AWK=gawk
ac_cv_prog_ac_ct_CC=gcc
ac_cv_prog_cc_c11=
ac_cv_prog_cc_g=yes
ac_cv_prog_cc_stdc=
ac_cv_prog_make_make_set=yes
am_cv_CC_dependencies_compiler_type=gcc3
am_cv_filesystem_timestamp_resolution=0.01
am_cv_make_support_nested_variables=yes
am_cv_prog_cc_c_o=yes
am_cv_prog_tar_ustar=gnutar
am_cv_sleep_fractional_seconds=yes
am_cv_xargs_n_works=yes

## ----------------- ##
## Output variables. ##
## ----------------- ##

ACLOCAL='${SHELL} '\''/mvp/book/docs/_static/tex_exp_to_png/missing'\'' aclocal-1.18'
AMDEPBACKSLASH='\'
AMDEP_FALSE='#'
AMDEP_TRUE=''
AMTAR='$${TAR-tar}'
AM_BACKSLASH='\'
AM_DEFAULT_V='$(AM_DEFAULT_VERBOSITY)'
AM_DEFAULT_VERBOSITY='1'
AM_V='$(V)'
AUTOCONF='${SHELL} '\''/mvp/book/docs/_static/tex_exp_to_png/missing'\'' autoconf'
AUTOHEADER='${SHELL} '\''/mvp/book/docs/_static/tex_exp_to_png/missing'\'' autoheader'
AUTOMAKE='${SHELL} '\''/mvp/book/docs/_static/tex_exp_to_png/missing'\'' automake-1.18'
AWK='gawk'
CC='gcc'
CCDEPMODE='depmode=gcc3'
CFLAGS='-g -O2'
CPPFLAGS=''
CSCOPE='cscope'
CTAGS='ctags'
CYGPATH_W='echo'
DEFS='-DPACKAGE_NAME=\"texExpToPng\" -DPACKAGE_TARNAME=\"texexptopng\" -DPACKAGE_VERSION=\"0.1\" -DPACKAGE_STRING=\"texExpToPng\ 0.1\" -DPACKAGE_BUGREPORT=\"billsix@gmail.com\" -DPACKAGE_URL=\"\" -DPACKAGE=\"texexptopng\" -DVERSION=\"0.1\"'
DEPDIR='.deps'
ECHO_C=''
ECHO_N='-n'
ECHO_T=''
ETAGS='etags'
EXEEXT=''
INSTALL_DATA='${INSTALL} -m 644'
INSTALL_PROGRAM='${INSTALL}'
INSTALL_SCRIPT='${INSTALL}'
INSTALL_STRIP_PROGRAM='$(install_sh) -c -s'
LDFLAGS=''
LIBOBJS=''
LIBS=''
LTLIBOBJS=''
MAKEINFO='${SHELL} '\''/mvp/book/docs/_static/tex_exp_to_png/missing'\'' makeinfo'
MKDIR_P='/usr/bin/mkdir -p'
OBJEXT='o'
PACKAGE='texexptopng'
PACKAGE_BUGREPORT='billsix@gmail.com'
PACKAGE_NAME='texExpToPng'
PACKAGE_STRING='texExpToPng 0.1'
PACKAGE_TARNAME='texexptopng'
PACKAGE_URL=''
PACKAGE_VERSION='0.1'
PATH_SEPARATOR=':'
SET_MAKE=''
SHELL='/bin/sh'
STRIP=''
VERSION='0.1'
ac_ct_CC='gcc'
am__EXEEXT_FALSE=''
am__EXEEXT_TRUE='#'
am__fastdepCC_FALSE='#'
am__fastdepCC_TRUE=''
am__include='include'
am__isrc=' -I$(srcdir)'
am__leading_dot='.'
am__nodep='_no'
am__quote=''
am__rm_f_notfound=''
am__tar='tar --format=ustar -chf - "$$tardir"'
am__untar='tar -xf -'
am__xargs_n='xargs -n'
bindir='${exec_prefix}/bin'
build_alias=''
datadir='${datarootdir}'
datarootdir='${prefix}/share'
docdir='${datarootdir}/doc/${PACKAGE_TARNAME}'
dvidir='${docdir}'
exec_prefix='${prefix}'
host_alias=''
htmldir='${docdir}'
includedir='${prefix}/include'
infodir='${datarootdir}/info'
install_sh='${SHELL} /mvp/book/docs/_static/tex_exp_to_png/install-sh'
libdir='${exec_prefix}/lib'
libexecdir='${exec_prefix}/libexec'
localedir='${datarootdir}/locale'
localstatedir='${prefix}/var'
mandir='${datarootdir}/man'
mkdir_p='$(MKDIR_P)'
oldincludedir='/usr/include'
pdfdir='${docdir}'
prefix='/mvp/book/docs/_static/bldInstall'
program_transform_name='s,x,x,'
psdir='${docdir}'
runstatedir='${localstatedir}/run'
sbindir='${exec_prefix}/sbin'
sharedstatedir='${prefix}/com'
sysconfdir='${prefix}/etc'
target_alias=''

## ----------- ##
## confdefs.h. ##
## ----------- ##

/* confdefs.h */
#define PACKAGE_NAME "texExpToPng"
#define PACKAGE_TARNAME "texexptopng"
#define PACKAGE_VERSION "0.1"
#define PACKAGE_STRING "texExpToPng 0.1"
#define PACKAGE_BUGREPORT "billsix@gmail.com"
#define PACKAGE_URL ""
#define PACKAGE "texexptopng"
#define VERSION "0.1"

configure: exit 0
